<?xml version="1.0" encoding="UTF-8"?>
<!-- Generated by org.testng.reporters.JUnitReportReporter -->
<testsuite skipped="0" hostname="DESKTOP-6TES89P" name="com.orangehrm.test.LoginTest" tests="2" failures="0" timestamp="18 Jun 2020 12:16:42 GMT" time="88.946" errors="0">
  <testcase name="loginTest" time="54.777" classname="com.orangehrm.test.LoginTest"/>
  <testcase name="loginTest" time="34.169" classname="com.orangehrm.test.LoginTest"/>
</testsuite> <!-- com.orangehrm.test.LoginTest -->
