<?xml version="1.0" encoding="UTF-8"?>
<!-- Generated by org.testng.reporters.JUnitReportReporter -->
<testsuite skipped="0" hostname="DESKTOP-6TES89P" name="com.orangehrm.test.LoginTest" tests="2" failures="0" timestamp="22 Jun 2020 07:25:29 GMT" time="62.078" errors="0">
  <testcase name="ValidateLoginPageTest" time="37.104" classname="com.orangehrm.test.LoginTest"/>
  <testcase name="loginTest" time="24.974" classname="com.orangehrm.test.LoginTest"/>
</testsuite> <!-- com.orangehrm.test.LoginTest -->
