<?xml version="1.0" encoding="UTF-8"?>
<!-- Generated by org.testng.reporters.JUnitReportReporter -->
<testsuite skipped="0" hostname="DESKTOP-6TES89P" name="com.orangehrm.test.LoginTest" tests="2" failures="0" timestamp="22 Jun 2020 11:30:47 GMT" time="45.388" errors="0">
  <testcase name="ValidateLoginPageTest" time="18.114" classname="com.orangehrm.test.LoginTest"/>
  <testcase name="loginTest" time="27.274" classname="com.orangehrm.test.LoginTest"/>
</testsuite> <!-- com.orangehrm.test.LoginTest -->
