<?xml version="1.0" encoding="UTF-8"?>
<!-- Generated by org.testng.reporters.JUnitReportReporter -->
<testsuite skipped="0" hostname="DESKTOP-6TES89P" name="Default.ActiTimeLogin" tests="1" failures="0" timestamp="26 Mar 2020 09:54:26 GMT" time="11.041" errors="0">
  <testcase name="verifyLogin" time="11.041" classname="Default.ActiTimeLogin"/>
</testsuite> <!-- Default.ActiTimeLogin -->
