<?xml version="1.0" encoding="UTF-8"?>
<!-- Generated by org.testng.reporters.JUnitReportReporter -->
<testsuite skipped="0" hostname="DESKTOP-6TES89P" name="com.actitime.test.LoginPageTest" tests="1" failures="0" timestamp="26 Mar 2020 07:50:59 GMT" time="76.702" errors="0">
  <testcase name="verifyLogin" time="76.702" classname="com.actitime.test.LoginPageTest"/>
</testsuite> <!-- com.actitime.test.LoginPageTest -->
